<?xml version="1.0" encoding="UTF-8"?>
<testng-results ignored="0" total="7" passed="6" failed="1" skipped="0">
  <reporter-output>
  </reporter-output>
  <suite started-at="2023-02-15T09:14:05 IST" name="Suite" finished-at="2023-02-15T09:18:38 IST" duration-ms="273393">
    <groups>
    </groups>
    <test started-at="2023-02-15T09:14:05 IST" name="Test" finished-at="2023-02-15T09:18:38 IST" duration-ms="273393">
      <class name="vtiger.Organizations.Tests.CreateMultipleOrganizationTest">
        <test-method signature="createMultiOrgTest(java.lang.String,java.lang.String)[pri:0, instance:vtiger.Organizations.Tests.CreateMultipleOrganizationTest@53fdffa1]" started-at="2023-02-15T09:14:07 IST" name="createMultiOrgTest" data-provider="getData" finished-at="2023-02-15T09:14:43 IST" duration-ms="35824" status="PASS">
          <params>
            <param index="0">
              <value>
                <![CDATA[Wipro]]>
              </value>
            </param>
            <param index="1">
              <value>
                <![CDATA[Chemicals]]>
              </value>
            </param>
          </params>
          <reporter-output>
          </reporter-output>
        </test-method> <!-- createMultiOrgTest -->
        <test-method signature="createMultiOrgTest(java.lang.String,java.lang.String)[pri:0, instance:vtiger.Organizations.Tests.CreateMultipleOrganizationTest@53fdffa1]" started-at="2023-02-15T09:14:43 IST" name="createMultiOrgTest" data-provider="getData" finished-at="2023-02-15T09:15:13 IST" duration-ms="30868" status="PASS">
          <params>
            <param index="0">
              <value>
                <![CDATA[TYSS]]>
              </value>
            </param>
            <param index="1">
              <value>
                <![CDATA[Banking]]>
              </value>
            </param>
          </params>
          <reporter-output>
          </reporter-output>
        </test-method> <!-- createMultiOrgTest -->
        <test-method signature="createMultiOrgTest(java.lang.String,java.lang.String)[pri:0, instance:vtiger.Organizations.Tests.CreateMultipleOrganizationTest@53fdffa1]" started-at="2023-02-15T09:15:13 IST" name="createMultiOrgTest" data-provider="getData" finished-at="2023-02-15T09:15:49 IST" duration-ms="35895" status="PASS">
          <params>
            <param index="0">
              <value>
                <![CDATA[Accenture]]>
              </value>
            </param>
            <param index="1">
              <value>
                <![CDATA[Apparel]]>
              </value>
            </param>
          </params>
          <reporter-output>
          </reporter-output>
        </test-method> <!-- createMultiOrgTest -->
        <test-method signature="createMultiOrgTest(java.lang.String,java.lang.String)[pri:0, instance:vtiger.Organizations.Tests.CreateMultipleOrganizationTest@53fdffa1]" started-at="2023-02-15T09:15:49 IST" name="createMultiOrgTest" data-provider="getData" finished-at="2023-02-15T09:16:30 IST" duration-ms="40378" status="FAIL">
          <params>
            <param index="0">
              <value>
                <![CDATA[Oracle]]>
              </value>
            </param>
            <param index="1">
              <value>
                <![CDATA[consulting]]>
              </value>
            </param>
          </params>
          <exception class="org.openqa.selenium.NoSuchElementException">
            <message>
              <![CDATA[Cannot locate option with value: consulting
For documentation on this error, please visit: https://www.seleniumhq.org/exceptions/no_such_element.html
Build info: version: '3.141.59', revision: 'e82be7d358', time: '2018-11-14T08:17:03'
System info: host: 'DESKTOP-3O9T5AI', ip: '192.168.16.110', os.name: 'Windows 10', os.arch: 'amd64', os.version: '10.0', java.version: '17.0.3'
Driver info: driver.version: unknown]]>
            </message>
            <full-stacktrace>
              <![CDATA[org.openqa.selenium.NoSuchElementException: Cannot locate option with value: consulting
For documentation on this error, please visit: https://www.seleniumhq.org/exceptions/no_such_element.html
Build info: version: '3.141.59', revision: 'e82be7d358', time: '2018-11-14T08:17:03'
System info: host: 'DESKTOP-3O9T5AI', ip: '192.168.16.110', os.name: 'Windows 10', os.arch: 'amd64', os.version: '10.0', java.version: '17.0.3'
Driver info: driver.version: unknown
at org.openqa.selenium.support.ui.Select.findOptionsByValue(Select.java:283)
at org.openqa.selenium.support.ui.Select.selectByValue(Select.java:186)
at vtigerGenericUtilitu.WebDriverUtilities.handleDropDown(WebDriverUtilities.java:124)
at vtiger.ObjectRepository.CreateNewOrgPage.createNewOrg(CreateNewOrgPage.java:71)
at vtiger.Organizations.Tests.CreateMultipleOrganizationTest.createMultiOrgTest(CreateMultipleOrganizationTest.java:87)
at java.base/jdk.internal.reflect.NativeMethodAccessorImpl.invoke0(Native Method)
at java.base/jdk.internal.reflect.NativeMethodAccessorImpl.invoke(NativeMethodAccessorImpl.java:77)
at java.base/jdk.internal.reflect.DelegatingMethodAccessorImpl.invoke(DelegatingMethodAccessorImpl.java:43)
at java.base/java.lang.reflect.Method.invoke(Method.java:568)
at org.testng.internal.MethodInvocationHelper.invokeMethod(MethodInvocationHelper.java:133)
at org.testng.internal.TestInvoker.invokeMethod(TestInvoker.java:598)
at org.testng.internal.TestInvoker.invokeTestMethod(TestInvoker.java:173)
at org.testng.internal.MethodRunner.runInSequence(MethodRunner.java:46)
at org.testng.internal.TestInvoker$MethodInvocationAgent.invoke(TestInvoker.java:824)
at org.testng.internal.TestInvoker.invokeTestMethods(TestInvoker.java:146)
at org.testng.internal.TestMethodWorker.invokeTestMethods(TestMethodWorker.java:146)
at org.testng.internal.TestMethodWorker.run(TestMethodWorker.java:128)
at java.base/java.util.ArrayList.forEach(ArrayList.java:1511)
at org.testng.TestRunner.privateRun(TestRunner.java:794)
at org.testng.TestRunner.run(TestRunner.java:596)
at org.testng.SuiteRunner.runTest(SuiteRunner.java:377)
at org.testng.SuiteRunner.runSequentially(SuiteRunner.java:371)
at org.testng.SuiteRunner.privateRun(SuiteRunner.java:332)
at org.testng.SuiteRunner.run(SuiteRunner.java:276)
at org.testng.SuiteRunnerWorker.runSuite(SuiteRunnerWorker.java:53)
at org.testng.SuiteRunnerWorker.run(SuiteRunnerWorker.java:96)
at org.testng.TestNG.runSuitesSequentially(TestNG.java:1212)
at org.testng.TestNG.runSuitesLocally(TestNG.java:1134)
at org.testng.TestNG.runSuites(TestNG.java:1063)
at org.testng.TestNG.run(TestNG.java:1031)
at org.testng.remote.AbstractRemoteTestNG.run(AbstractRemoteTestNG.java:115)
at org.testng.remote.RemoteTestNG.initAndRun(RemoteTestNG.java:251)
at org.testng.remote.RemoteTestNG.main(RemoteTestNG.java:77)
]]>
            </full-stacktrace>
          </exception> <!-- org.openqa.selenium.NoSuchElementException -->
          <reporter-output>
          </reporter-output>
        </test-method> <!-- createMultiOrgTest -->
        <test-method signature="createMultiOrgTest(java.lang.String,java.lang.String)[pri:0, instance:vtiger.Organizations.Tests.CreateMultipleOrganizationTest@53fdffa1]" started-at="2023-02-15T09:16:30 IST" name="createMultiOrgTest" data-provider="getData" finished-at="2023-02-15T09:17:07 IST" duration-ms="37631" status="PASS">
          <params>
            <param index="0">
              <value>
                <![CDATA[Microsoft]]>
              </value>
            </param>
            <param index="1">
              <value>
                <![CDATA[Energy]]>
              </value>
            </param>
          </params>
          <reporter-output>
          </reporter-output>
        </test-method> <!-- createMultiOrgTest -->
      </class> <!-- vtiger.Organizations.Tests.CreateMultipleOrganizationTest -->
      <class name="vtiger.Organizations.Tests.CreatOrgWithInddustry">
        <test-method signature="CreatOrgWithIndustryTest()[pri:0, instance:vtiger.Organizations.Tests.CreatOrgWithInddustry@4738a206]" started-at="2023-02-15T09:17:07 IST" name="CreatOrgWithIndustryTest" finished-at="2023-02-15T09:17:50 IST" duration-ms="42439" status="PASS">
          <reporter-output>
          </reporter-output>
        </test-method> <!-- CreatOrgWithIndustryTest -->
      </class> <!-- vtiger.Organizations.Tests.CreatOrgWithInddustry -->
      <class name="vtiger.Organizations.Tests.CreateOrganizationTest">
        <test-method signature="CreateOrgTest()[pri:0, instance:vtiger.Organizations.Tests.CreateOrganizationTest@66d3eec0]" started-at="2023-02-15T09:17:50 IST" name="CreateOrgTest" finished-at="2023-02-15T09:18:38 IST" duration-ms="48641" status="PASS">
          <reporter-output>
          </reporter-output>
        </test-method> <!-- CreateOrgTest -->
      </class> <!-- vtiger.Organizations.Tests.CreateOrganizationTest -->
    </test> <!-- Test -->
  </suite> <!-- Suite -->
</testng-results>
